d:\codes\2020-zjucg-final-project\x64\debug\vc141.pdb
d:\codes\2020-zjucg-final-project\x64\debug\vc141.idb
d:\codes\2020-zjucg-final-project\x64\debug\glad.obj
d:\codes\2020-zjucg-final-project\x64\debug\main.obj
d:\codes\2020-zjucg-final-project\x64\debug\imgui_widgets.obj
d:\codes\2020-zjucg-final-project\x64\debug\imgui_tables.obj
d:\codes\2020-zjucg-final-project\x64\debug\imgui_impl_opengl3.obj
d:\codes\2020-zjucg-final-project\x64\debug\imgui_impl_glfw.obj
d:\codes\2020-zjucg-final-project\x64\debug\imgui_draw.obj
d:\codes\2020-zjucg-final-project\x64\debug\imgui_demo.obj
d:\codes\2020-zjucg-final-project\x64\debug\imgui.obj
d:\codes\2020-zjucg-final-project\x64\debug\koonanhyakukei.pdb
d:\codes\2020-zjucg-final-project\x64\debug\koonanhyakukei.tlog\cl.command.1.tlog
d:\codes\2020-zjucg-final-project\x64\debug\koonanhyakukei.tlog\cl.read.1.tlog
d:\codes\2020-zjucg-final-project\x64\debug\koonanhyakukei.tlog\cl.write.1.tlog
d:\codes\2020-zjucg-final-project\x64\debug\koonanhyakukei.tlog\link-cvtres.read.1.tlog
d:\codes\2020-zjucg-final-project\x64\debug\koonanhyakukei.tlog\link-cvtres.write.1.tlog
d:\codes\2020-zjucg-final-project\x64\debug\koonanhyakukei.tlog\link-rc.read.1.tlog
d:\codes\2020-zjucg-final-project\x64\debug\koonanhyakukei.tlog\link-rc.write.1.tlog
d:\codes\2020-zjucg-final-project\x64\debug\koonanhyakukei.tlog\link.command.1.tlog
d:\codes\2020-zjucg-final-project\x64\debug\koonanhyakukei.tlog\link.read.1.tlog
d:\codes\2020-zjucg-final-project\x64\debug\koonanhyakukei.tlog\link.write.1.tlog
