imgui_impl_glfw.obj : error LNK2019: 无法解析的外部符号 glfwSetErrorCallback，该符号在函数 "bool __cdecl ImGui_ImplGlfw_Init(struct GLFWwindow *,bool,enum GlfwClientApi)" (?ImGui_ImplGlfw_Init@@YA_NPEAUGLFWwindow@@_NW4GlfwClientApi@@@Z) 中被引用
imgui_impl_glfw.obj : error LNK2019: 无法解析的外部符号 glfwGetWindowSize，该符号在函数 "void __cdecl ImGui_ImplGlfw_NewFrame(void)" (?ImGui_ImplGlfw_NewFrame@@YAXXZ) 中被引用
imgui_impl_glfw.obj : error LNK2019: 无法解析的外部符号 glfwGetFramebufferSize，该符号在函数 "void __cdecl ImGui_ImplGlfw_NewFrame(void)" (?ImGui_ImplGlfw_NewFrame@@YAXXZ) 中被引用
imgui_impl_glfw.obj : error LNK2019: 无法解析的外部符号 glfwGetWindowAttrib，该符号在函数 "void __cdecl ImGui_ImplGlfw_UpdateMousePosAndButtons(void)" (?ImGui_ImplGlfw_UpdateMousePosAndButtons@@YAXXZ) 中被引用
imgui_impl_glfw.obj : error LNK2019: 无法解析的外部符号 glfwGetInputMode，该符号在函数 "void __cdecl ImGui_ImplGlfw_UpdateMouseCursor(void)" (?ImGui_ImplGlfw_UpdateMouseCursor@@YAXXZ) 中被引用
imgui_impl_glfw.obj : error LNK2019: 无法解析的外部符号 glfwSetInputMode，该符号在函数 "void __cdecl ImGui_ImplGlfw_UpdateMouseCursor(void)" (?ImGui_ImplGlfw_UpdateMouseCursor@@YAXXZ) 中被引用
main.obj : error LNK2001: 无法解析的外部符号 glfwSetInputMode
imgui_impl_glfw.obj : error LNK2019: 无法解析的外部符号 glfwGetMouseButton，该符号在函数 "void __cdecl ImGui_ImplGlfw_UpdateMousePosAndButtons(void)" (?ImGui_ImplGlfw_UpdateMousePosAndButtons@@YAXXZ) 中被引用
imgui_impl_glfw.obj : error LNK2019: 无法解析的外部符号 glfwGetCursorPos，该符号在函数 "void __cdecl ImGui_ImplGlfw_UpdateMousePosAndButtons(void)" (?ImGui_ImplGlfw_UpdateMousePosAndButtons@@YAXXZ) 中被引用
imgui_impl_glfw.obj : error LNK2019: 无法解析的外部符号 glfwSetCursorPos，该符号在函数 "void __cdecl ImGui_ImplGlfw_UpdateMousePosAndButtons(void)" (?ImGui_ImplGlfw_UpdateMousePosAndButtons@@YAXXZ) 中被引用
imgui_impl_glfw.obj : error LNK2019: 无法解析的外部符号 glfwCreateStandardCursor，该符号在函数 "bool __cdecl ImGui_ImplGlfw_Init(struct GLFWwindow *,bool,enum GlfwClientApi)" (?ImGui_ImplGlfw_Init@@YA_NPEAUGLFWwindow@@_NW4GlfwClientApi@@@Z) 中被引用
imgui_impl_glfw.obj : error LNK2019: 无法解析的外部符号 glfwDestroyCursor，该符号在函数 "void __cdecl ImGui_ImplGlfw_Shutdown(void)" (?ImGui_ImplGlfw_Shutdown@@YAXXZ) 中被引用
imgui_impl_glfw.obj : error LNK2019: 无法解析的外部符号 glfwSetCursor，该符号在函数 "void __cdecl ImGui_ImplGlfw_UpdateMouseCursor(void)" (?ImGui_ImplGlfw_UpdateMouseCursor@@YAXXZ) 中被引用
imgui_impl_glfw.obj : error LNK2019: 无法解析的外部符号 glfwSetKeyCallback，该符号在函数 "bool __cdecl ImGui_ImplGlfw_Init(struct GLFWwindow *,bool,enum GlfwClientApi)" (?ImGui_ImplGlfw_Init@@YA_NPEAUGLFWwindow@@_NW4GlfwClientApi@@@Z) 中被引用
imgui_impl_glfw.obj : error LNK2019: 无法解析的外部符号 glfwSetCharCallback，该符号在函数 "bool __cdecl ImGui_ImplGlfw_Init(struct GLFWwindow *,bool,enum GlfwClientApi)" (?ImGui_ImplGlfw_Init@@YA_NPEAUGLFWwindow@@_NW4GlfwClientApi@@@Z) 中被引用
imgui_impl_glfw.obj : error LNK2019: 无法解析的外部符号 glfwSetMouseButtonCallback，该符号在函数 "bool __cdecl ImGui_ImplGlfw_Init(struct GLFWwindow *,bool,enum GlfwClientApi)" (?ImGui_ImplGlfw_Init@@YA_NPEAUGLFWwindow@@_NW4GlfwClientApi@@@Z) 中被引用
imgui_impl_glfw.obj : error LNK2019: 无法解析的外部符号 glfwSetScrollCallback，该符号在函数 "bool __cdecl ImGui_ImplGlfw_Init(struct GLFWwindow *,bool,enum GlfwClientApi)" (?ImGui_ImplGlfw_Init@@YA_NPEAUGLFWwindow@@_NW4GlfwClientApi@@@Z) 中被引用
main.obj : error LNK2001: 无法解析的外部符号 glfwSetScrollCallback
imgui_impl_glfw.obj : error LNK2019: 无法解析的外部符号 glfwGetJoystickAxes，该符号在函数 "void __cdecl ImGui_ImplGlfw_UpdateGamepads(void)" (?ImGui_ImplGlfw_UpdateGamepads@@YAXXZ) 中被引用
imgui_impl_glfw.obj : error LNK2019: 无法解析的外部符号 glfwGetJoystickButtons，该符号在函数 "void __cdecl ImGui_ImplGlfw_UpdateGamepads(void)" (?ImGui_ImplGlfw_UpdateGamepads@@YAXXZ) 中被引用
imgui_impl_glfw.obj : error LNK2019: 无法解析的外部符号 glfwSetClipboardString，该符号在函数 "void __cdecl ImGui_ImplGlfw_SetClipboardText(void *,char const *)" (?ImGui_ImplGlfw_SetClipboardText@@YAXPEAXPEBD@Z) 中被引用
imgui_impl_glfw.obj : error LNK2019: 无法解析的外部符号 glfwGetClipboardString，该符号在函数 "char const * __cdecl ImGui_ImplGlfw_GetClipboardText(void *)" (?ImGui_ImplGlfw_GetClipboardText@@YAPEBDPEAX@Z) 中被引用
imgui_impl_glfw.obj : error LNK2019: 无法解析的外部符号 glfwGetTime，该符号在函数 "void __cdecl ImGui_ImplGlfw_NewFrame(void)" (?ImGui_ImplGlfw_NewFrame@@YAXXZ) 中被引用
main.obj : error LNK2001: 无法解析的外部符号 glfwGetTime
imgui_impl_glfw.obj : error LNK2019: 无法解析的外部符号 glfwGetWin32Window，该符号在函数 "bool __cdecl ImGui_ImplGlfw_Init(struct GLFWwindow *,bool,enum GlfwClientApi)" (?ImGui_ImplGlfw_Init@@YA_NPEAUGLFWwindow@@_NW4GlfwClientApi@@@Z) 中被引用
main.obj : error LNK2019: 无法解析的外部符号 glfwInit，该符号在函数 main 中被引用
main.obj : error LNK2019: 无法解析的外部符号 glfwTerminate，该符号在函数 main 中被引用
main.obj : error LNK2019: 无法解析的外部符号 glfwWindowHint，该符号在函数 main 中被引用
main.obj : error LNK2019: 无法解析的外部符号 glfwCreateWindow，该符号在函数 main 中被引用
main.obj : error LNK2019: 无法解析的外部符号 glfwWindowShouldClose，该符号在函数 main 中被引用
main.obj : error LNK2019: 无法解析的外部符号 glfwSetWindowShouldClose，该符号在函数 "void __cdecl processInput(struct GLFWwindow *)" (?processInput@@YAXPEAUGLFWwindow@@@Z) 中被引用
main.obj : error LNK2019: 无法解析的外部符号 glfwSetFramebufferSizeCallback，该符号在函数 main 中被引用
main.obj : error LNK2019: 无法解析的外部符号 glfwPollEvents，该符号在函数 main 中被引用
main.obj : error LNK2019: 无法解析的外部符号 glfwGetKey，该符号在函数 "void __cdecl processInput(struct GLFWwindow *)" (?processInput@@YAXPEAUGLFWwindow@@@Z) 中被引用
main.obj : error LNK2019: 无法解析的外部符号 glfwSetCursorPosCallback，该符号在函数 main 中被引用
main.obj : error LNK2019: 无法解析的外部符号 glfwMakeContextCurrent，该符号在函数 main 中被引用
main.obj : error LNK2019: 无法解析的外部符号 glfwSwapBuffers，该符号在函数 main 中被引用
main.obj : error LNK2019: 无法解析的外部符号 glfwGetProcAddress，该符号在函数 main 中被引用
D:\Codes\2020-ZJUCG-Final-Project\lib\glfw3.lib : warning LNK4272: 库计算机类型“x86”与目标计算机类型“x64”冲突
D:\Codes\2020-ZJUCG-Final-Project\x64\Debug\KoonanHyakukei.exe : fatal error LNK1120: 35 个无法解析的外部命令
